<?xml version="1.0" encoding="UTF-8"?>
<!-- Generated by org.testng.reporters.JUnitReportReporter -->
<testsuite hostname="ibm-yogeshchaudhary" failures="0" tests="4" name="api.test.UsersTest" time="19.941" errors="0" timestamp="2023-12-28T07:35:18 IST" skipped="0">
  <testcase classname="api.test.UsersTest" name="testPostUser" time="6.108"/>
  <system-out/>
  <testcase classname="api.test.UsersTest" name="testReadUserData" time="2.288"/>
  <system-out/>
  <testcase classname="api.test.UsersTest" name="testUpdateUserData" time="5.425"/>
  <system-out/>
  <testcase classname="api.test.UsersTest" name="testDeletionUserData" time="6.120"/>
  <system-out/>
</testsuite> <!-- api.test.UsersTest -->
