<?xml version="1.0" encoding="UTF-8"?>
<!-- Generated by org.testng.reporters.JUnitReportReporter -->
<testsuite hostname="ibm-yogeshchaudhary" failures="0" tests="4" name="api.test.UsersTest" time="13.574" errors="0" timestamp="2024-01-01T19:27:53 IST" skipped="0">
  <testcase classname="api.test.UsersTest" name="testPostUser" time="2.886"/>
  <system-out/>
  <testcase classname="api.test.UsersTest" name="testReadUserData" time="1.983"/>
  <system-out/>
  <testcase classname="api.test.UsersTest" name="testUpdateUserData" time="4.782"/>
  <system-out/>
  <testcase classname="api.test.UsersTest" name="testDeletionUserData" time="3.923"/>
  <system-out/>
</testsuite> <!-- api.test.UsersTest -->
