<?xml version="1.0" encoding="UTF-8"?>
<!-- Generated by org.testng.reporters.JUnitReportReporter -->
<testsuite hostname="ibm-yogeshchaudhary" failures="0" tests="4" name="api.test.UsersTest" time="14.481" errors="0" timestamp="2023-12-31T21:04:41 IST" skipped="0">
  <testcase classname="api.test.UsersTest" name="testPostUser" time="3.750"/>
  <system-out/>
  <testcase classname="api.test.UsersTest" name="testReadUserData" time="2.640"/>
  <system-out/>
  <testcase classname="api.test.UsersTest" name="testUpdateUserData" time="3.740"/>
  <system-out/>
  <testcase classname="api.test.UsersTest" name="testDeletionUserData" time="4.351"/>
  <system-out/>
</testsuite> <!-- api.test.UsersTest -->
